[2023-12-11 08:16:19] local.ERROR: SQLSTATE[HY000] [1045] Access denied for user 'root'@'localhost' (using password: NO) (Connection: mysql, SQL: select table_name as `name`, (data_length + index_length) as `size`, table_comment as `comment`, engine as `engine`, table_collation as `collation` from information_schema.tables where table_schema = 'laravel' and table_type = 'BASE TABLE' order by table_name) {"exception":"[object] (Illuminate\\Database\\QueryException(code: 1045): SQLSTATE[HY000] [1045] Access denied for user 'root'@'localhost' (using password: NO) (Connection: mysql, SQL: select table_name as `name`, (data_length + index_length) as `size`, table_comment as `comment`, engine as `engine`, table_collation as `collation` from information_schema.tables where table_schema = 'laravel' and table_type = 'BASE TABLE' order by table_name) at /media/debian-admin/Windows-SSD/Users/faris_vxy9otb/Documents/WebDev/Web/Praktikum_modul6/vendor/laravel/framework/src/Illuminate/Database/Connection.php:822)
[stacktrace]
#0 /media/debian-admin/Windows-SSD/Users/faris_vxy9otb/Documents/WebDev/Web/Praktikum_modul6/vendor/laravel/framework/src/Illuminate/Database/Connection.php(776): Illuminate\\Database\\Connection->runQueryCallback()
#1 /media/debian-admin/Windows-SSD/Users/faris_vxy9otb/Documents/WebDev/Web/Praktikum_modul6/vendor/laravel/framework/src/Illuminate/Database/Connection.php(407): Illuminate\\Database\\Connection->run()
#2 /media/debian-admin/Windows-SSD/Users/faris_vxy9otb/Documents/WebDev/Web/Praktikum_modul6/vendor/laravel/framework/src/Illuminate/Database/Connection.php(394): Illuminate\\Database\\Connection->select()
#3 /media/debian-admin/Windows-SSD/Users/faris_vxy9otb/Documents/WebDev/Web/Praktikum_modul6/vendor/laravel/framework/src/Illuminate/Database/Schema/MySqlBuilder.php(41): Illuminate\\Database\\Connection->selectFromWriteConnection()
#4 /media/debian-admin/Windows-SSD/Users/faris_vxy9otb/Documents/WebDev/Web/Praktikum_modul6/vendor/laravel/framework/src/Illuminate/Database/Schema/Builder.php(162): Illuminate\\Database\\Schema\\MySqlBuilder->getTables()
#5 /media/debian-admin/Windows-SSD/Users/faris_vxy9otb/Documents/WebDev/Web/Praktikum_modul6/vendor/laravel/framework/src/Illuminate/Database/Migrations/DatabaseMigrationRepository.php(184): Illuminate\\Database\\Schema\\Builder->hasTable()
#6 /media/debian-admin/Windows-SSD/Users/faris_vxy9otb/Documents/WebDev/Web/Praktikum_modul6/vendor/laravel/framework/src/Illuminate/Database/Migrations/Migrator.php(700): Illuminate\\Database\\Migrations\\DatabaseMigrationRepository->repositoryExists()
#7 /media/debian-admin/Windows-SSD/Users/faris_vxy9otb/Documents/WebDev/Web/Praktikum_modul6/vendor/laravel/framework/src/Illuminate/Database/Console/Migrations/MigrateCommand.php(140): Illuminate\\Database\\Migrations\\Migrator->repositoryExists()
#8 /media/debian-admin/Windows-SSD/Users/faris_vxy9otb/Documents/WebDev/Web/Praktikum_modul6/vendor/laravel/framework/src/Illuminate/Support/helpers.php(248): Illuminate\\Database\\Console\\Migrations\\MigrateCommand->Illuminate\\Database\\Console\\Migrations\\{closure}()
#9 /media/debian-admin/Windows-SSD/Users/faris_vxy9otb/Documents/WebDev/Web/Praktikum_modul6/vendor/laravel/framework/src/Illuminate/Database/Console/Migrations/MigrateCommand.php(140): retry()
#10 /media/debian-admin/Windows-SSD/Users/faris_vxy9otb/Documents/WebDev/Web/Praktikum_modul6/vendor/laravel/framework/src/Illuminate/Database/Console/Migrations/MigrateCommand.php(116): Illuminate\\Database\\Console\\Migrations\\MigrateCommand->repositoryExists()
#11 /media/debian-admin/Windows-SSD/Users/faris_vxy9otb/Documents/WebDev/Web/Praktikum_modul6/vendor/laravel/framework/src/Illuminate/Database/Console/Migrations/MigrateCommand.php(84): Illuminate\\Database\\Console\\Migrations\\MigrateCommand->prepareDatabase()
#12 /media/debian-admin/Windows-SSD/Users/faris_vxy9otb/Documents/WebDev/Web/Praktikum_modul6/vendor/laravel/framework/src/Illuminate/Database/Migrations/Migrator.php(633): Illuminate\\Database\\Console\\Migrations\\MigrateCommand->Illuminate\\Database\\Console\\Migrations\\{closure}()
#13 /media/debian-admin/Windows-SSD/Users/faris_vxy9otb/Documents/WebDev/Web/Praktikum_modul6/vendor/laravel/framework/src/Illuminate/Database/Console/Migrations/MigrateCommand.php(83): Illuminate\\Database\\Migrations\\Migrator->usingConnection()
#14 /media/debian-admin/Windows-SSD/Users/faris_vxy9otb/Documents/WebDev/Web/Praktikum_modul6/vendor/laravel/framework/src/Illuminate/Container/BoundMethod.php(36): Illuminate\\Database\\Console\\Migrations\\MigrateCommand->handle()
#15 /media/debian-admin/Windows-SSD/Users/faris_vxy9otb/Documents/WebDev/Web/Praktikum_modul6/vendor/laravel/framework/src/Illuminate/Container/Util.php(41): Illuminate\\Container\\BoundMethod::Illuminate\\Container\\{closure}()
#16 /media/debian-admin/Windows-SSD/Users/faris_vxy9otb/Documents/WebDev/Web/Praktikum_modul6/vendor/laravel/framework/src/Illuminate/Container/BoundMethod.php(93): Illuminate\\Container\\Util::unwrapIfClosure()
#17 /media/debian-admin/Windows-SSD/Users/faris_vxy9otb/Documents/WebDev/Web/Praktikum_modul6/vendor/laravel/framework/src/Illuminate/Container/BoundMethod.php(35): Illuminate\\Container\\BoundMethod::callBoundMethod()
#18 /media/debian-admin/Windows-SSD/Users/faris_vxy9otb/Documents/WebDev/Web/Praktikum_modul6/vendor/laravel/framework/src/Illuminate/Container/Container.php(662): Illuminate\\Container\\BoundMethod::call()
#19 /media/debian-admin/Windows-SSD/Users/faris_vxy9otb/Documents/WebDev/Web/Praktikum_modul6/vendor/laravel/framework/src/Illuminate/Console/Command.php(211): Illuminate\\Container\\Container->call()
#20 /media/debian-admin/Windows-SSD/Users/faris_vxy9otb/Documents/WebDev/Web/Praktikum_modul6/vendor/symfony/console/Command/Command.php(326): Illuminate\\Console\\Command->execute()
#21 /media/debian-admin/Windows-SSD/Users/faris_vxy9otb/Documents/WebDev/Web/Praktikum_modul6/vendor/laravel/framework/src/Illuminate/Console/Command.php(180): Symfony\\Component\\Console\\Command\\Command->run()
#22 /media/debian-admin/Windows-SSD/Users/faris_vxy9otb/Documents/WebDev/Web/Praktikum_modul6/vendor/symfony/console/Application.php(1096): Illuminate\\Console\\Command->run()
#23 /media/debian-admin/Windows-SSD/Users/faris_vxy9otb/Documents/WebDev/Web/Praktikum_modul6/vendor/symfony/console/Application.php(324): Symfony\\Component\\Console\\Application->doRunCommand()
#24 /media/debian-admin/Windows-SSD/Users/faris_vxy9otb/Documents/WebDev/Web/Praktikum_modul6/vendor/symfony/console/Application.php(175): Symfony\\Component\\Console\\Application->doRun()
#25 /media/debian-admin/Windows-SSD/Users/faris_vxy9otb/Documents/WebDev/Web/Praktikum_modul6/vendor/laravel/framework/src/Illuminate/Foundation/Console/Kernel.php(201): Symfony\\Component\\Console\\Application->run()
#26 /media/debian-admin/Windows-SSD/Users/faris_vxy9otb/Documents/WebDev/Web/Praktikum_modul6/artisan(35): Illuminate\\Foundation\\Console\\Kernel->handle()
#27 {main}

[previous exception] [object] (PDOException(code: 1045): SQLSTATE[HY000] [1045] Access denied for user 'root'@'localhost' (using password: NO) at /media/debian-admin/Windows-SSD/Users/faris_vxy9otb/Documents/WebDev/Web/Praktikum_modul6/vendor/laravel/framework/src/Illuminate/Database/Connectors/Connector.php:65)
[stacktrace]
#0 /media/debian-admin/Windows-SSD/Users/faris_vxy9otb/Documents/WebDev/Web/Praktikum_modul6/vendor/laravel/framework/src/Illuminate/Database/Connectors/Connector.php(65): PDO->__construct()
#1 /media/debian-admin/Windows-SSD/Users/faris_vxy9otb/Documents/WebDev/Web/Praktikum_modul6/vendor/laravel/framework/src/Illuminate/Database/Connectors/Connector.php(44): Illuminate\\Database\\Connectors\\Connector->createPdoConnection()
#2 /media/debian-admin/Windows-SSD/Users/faris_vxy9otb/Documents/WebDev/Web/Praktikum_modul6/vendor/laravel/framework/src/Illuminate/Database/Connectors/MySqlConnector.php(24): Illuminate\\Database\\Connectors\\Connector->createConnection()
#3 /media/debian-admin/Windows-SSD/Users/faris_vxy9otb/Documents/WebDev/Web/Praktikum_modul6/vendor/laravel/framework/src/Illuminate/Database/Connectors/ConnectionFactory.php(184): Illuminate\\Database\\Connectors\\MySqlConnector->connect()
#4 [internal function]: Illuminate\\Database\\Connectors\\ConnectionFactory->Illuminate\\Database\\Connectors\\{closure}()
#5 /media/debian-admin/Windows-SSD/Users/faris_vxy9otb/Documents/WebDev/Web/Praktikum_modul6/vendor/laravel/framework/src/Illuminate/Database/Connection.php(1319): call_user_func()
#6 /media/debian-admin/Windows-SSD/Users/faris_vxy9otb/Documents/WebDev/Web/Praktikum_modul6/vendor/laravel/framework/src/Illuminate/Database/Connection.php(521): Illuminate\\Database\\Connection->getPdo()
#7 /media/debian-admin/Windows-SSD/Users/faris_vxy9otb/Documents/WebDev/Web/Praktikum_modul6/vendor/laravel/framework/src/Illuminate/Database/Connection.php(416): Illuminate\\Database\\Connection->getPdoForSelect()
#8 /media/debian-admin/Windows-SSD/Users/faris_vxy9otb/Documents/WebDev/Web/Praktikum_modul6/vendor/laravel/framework/src/Illuminate/Database/Connection.php(809): Illuminate\\Database\\Connection->Illuminate\\Database\\{closure}()
#9 /media/debian-admin/Windows-SSD/Users/faris_vxy9otb/Documents/WebDev/Web/Praktikum_modul6/vendor/laravel/framework/src/Illuminate/Database/Connection.php(776): Illuminate\\Database\\Connection->runQueryCallback()
#10 /media/debian-admin/Windows-SSD/Users/faris_vxy9otb/Documents/WebDev/Web/Praktikum_modul6/vendor/laravel/framework/src/Illuminate/Database/Connection.php(407): Illuminate\\Database\\Connection->run()
#11 /media/debian-admin/Windows-SSD/Users/faris_vxy9otb/Documents/WebDev/Web/Praktikum_modul6/vendor/laravel/framework/src/Illuminate/Database/Connection.php(394): Illuminate\\Database\\Connection->select()
#12 /media/debian-admin/Windows-SSD/Users/faris_vxy9otb/Documents/WebDev/Web/Praktikum_modul6/vendor/laravel/framework/src/Illuminate/Database/Schema/MySqlBuilder.php(41): Illuminate\\Database\\Connection->selectFromWriteConnection()
#13 /media/debian-admin/Windows-SSD/Users/faris_vxy9otb/Documents/WebDev/Web/Praktikum_modul6/vendor/laravel/framework/src/Illuminate/Database/Schema/Builder.php(162): Illuminate\\Database\\Schema\\MySqlBuilder->getTables()
#14 /media/debian-admin/Windows-SSD/Users/faris_vxy9otb/Documents/WebDev/Web/Praktikum_modul6/vendor/laravel/framework/src/Illuminate/Database/Migrations/DatabaseMigrationRepository.php(184): Illuminate\\Database\\Schema\\Builder->hasTable()
#15 /media/debian-admin/Windows-SSD/Users/faris_vxy9otb/Documents/WebDev/Web/Praktikum_modul6/vendor/laravel/framework/src/Illuminate/Database/Migrations/Migrator.php(700): Illuminate\\Database\\Migrations\\DatabaseMigrationRepository->repositoryExists()
#16 /media/debian-admin/Windows-SSD/Users/faris_vxy9otb/Documents/WebDev/Web/Praktikum_modul6/vendor/laravel/framework/src/Illuminate/Database/Console/Migrations/MigrateCommand.php(140): Illuminate\\Database\\Migrations\\Migrator->repositoryExists()
#17 /media/debian-admin/Windows-SSD/Users/faris_vxy9otb/Documents/WebDev/Web/Praktikum_modul6/vendor/laravel/framework/src/Illuminate/Support/helpers.php(248): Illuminate\\Database\\Console\\Migrations\\MigrateCommand->Illuminate\\Database\\Console\\Migrations\\{closure}()
#18 /media/debian-admin/Windows-SSD/Users/faris_vxy9otb/Documents/WebDev/Web/Praktikum_modul6/vendor/laravel/framework/src/Illuminate/Database/Console/Migrations/MigrateCommand.php(140): retry()
#19 /media/debian-admin/Windows-SSD/Users/faris_vxy9otb/Documents/WebDev/Web/Praktikum_modul6/vendor/laravel/framework/src/Illuminate/Database/Console/Migrations/MigrateCommand.php(116): Illuminate\\Database\\Console\\Migrations\\MigrateCommand->repositoryExists()
#20 /media/debian-admin/Windows-SSD/Users/faris_vxy9otb/Documents/WebDev/Web/Praktikum_modul6/vendor/laravel/framework/src/Illuminate/Database/Console/Migrations/MigrateCommand.php(84): Illuminate\\Database\\Console\\Migrations\\MigrateCommand->prepareDatabase()
#21 /media/debian-admin/Windows-SSD/Users/faris_vxy9otb/Documents/WebDev/Web/Praktikum_modul6/vendor/laravel/framework/src/Illuminate/Database/Migrations/Migrator.php(633): Illuminate\\Database\\Console\\Migrations\\MigrateCommand->Illuminate\\Database\\Console\\Migrations\\{closure}()
#22 /media/debian-admin/Windows-SSD/Users/faris_vxy9otb/Documents/WebDev/Web/Praktikum_modul6/vendor/laravel/framework/src/Illuminate/Database/Console/Migrations/MigrateCommand.php(83): Illuminate\\Database\\Migrations\\Migrator->usingConnection()
#23 /media/debian-admin/Windows-SSD/Users/faris_vxy9otb/Documents/WebDev/Web/Praktikum_modul6/vendor/laravel/framework/src/Illuminate/Container/BoundMethod.php(36): Illuminate\\Database\\Console\\Migrations\\MigrateCommand->handle()
#24 /media/debian-admin/Windows-SSD/Users/faris_vxy9otb/Documents/WebDev/Web/Praktikum_modul6/vendor/laravel/framework/src/Illuminate/Container/Util.php(41): Illuminate\\Container\\BoundMethod::Illuminate\\Container\\{closure}()
#25 /media/debian-admin/Windows-SSD/Users/faris_vxy9otb/Documents/WebDev/Web/Praktikum_modul6/vendor/laravel/framework/src/Illuminate/Container/BoundMethod.php(93): Illuminate\\Container\\Util::unwrapIfClosure()
#26 /media/debian-admin/Windows-SSD/Users/faris_vxy9otb/Documents/WebDev/Web/Praktikum_modul6/vendor/laravel/framework/src/Illuminate/Container/BoundMethod.php(35): Illuminate\\Container\\BoundMethod::callBoundMethod()
#27 /media/debian-admin/Windows-SSD/Users/faris_vxy9otb/Documents/WebDev/Web/Praktikum_modul6/vendor/laravel/framework/src/Illuminate/Container/Container.php(662): Illuminate\\Container\\BoundMethod::call()
#28 /media/debian-admin/Windows-SSD/Users/faris_vxy9otb/Documents/WebDev/Web/Praktikum_modul6/vendor/laravel/framework/src/Illuminate/Console/Command.php(211): Illuminate\\Container\\Container->call()
#29 /media/debian-admin/Windows-SSD/Users/faris_vxy9otb/Documents/WebDev/Web/Praktikum_modul6/vendor/symfony/console/Command/Command.php(326): Illuminate\\Console\\Command->execute()
#30 /media/debian-admin/Windows-SSD/Users/faris_vxy9otb/Documents/WebDev/Web/Praktikum_modul6/vendor/laravel/framework/src/Illuminate/Console/Command.php(180): Symfony\\Component\\Console\\Command\\Command->run()
#31 /media/debian-admin/Windows-SSD/Users/faris_vxy9otb/Documents/WebDev/Web/Praktikum_modul6/vendor/symfony/console/Application.php(1096): Illuminate\\Console\\Command->run()
#32 /media/debian-admin/Windows-SSD/Users/faris_vxy9otb/Documents/WebDev/Web/Praktikum_modul6/vendor/symfony/console/Application.php(324): Symfony\\Component\\Console\\Application->doRunCommand()
#33 /media/debian-admin/Windows-SSD/Users/faris_vxy9otb/Documents/WebDev/Web/Praktikum_modul6/vendor/symfony/console/Application.php(175): Symfony\\Component\\Console\\Application->doRun()
#34 /media/debian-admin/Windows-SSD/Users/faris_vxy9otb/Documents/WebDev/Web/Praktikum_modul6/vendor/laravel/framework/src/Illuminate/Foundation/Console/Kernel.php(201): Symfony\\Component\\Console\\Application->run()
#35 /media/debian-admin/Windows-SSD/Users/faris_vxy9otb/Documents/WebDev/Web/Praktikum_modul6/artisan(35): Illuminate\\Foundation\\Console\\Kernel->handle()
#36 {main}
"} 
[2023-12-11 15:39:53] local.ERROR: Cannot use App\Http\Controllers\ProductCategoryController as ProductCategoryController because the name is already in use {"exception":"[object] (Symfony\\Component\\ErrorHandler\\Error\\FatalError(code: 0): Cannot use App\\Http\\Controllers\\ProductCategoryController as ProductCategoryController because the name is already in use at /media/debian-admin/Windows-SSD/Users/faris_vxy9otb/Documents/WebDev/Web/Praktikum_modul6/routes/api.php:4)
[stacktrace]
#0 {main}
"} 
[2023-12-12 01:32:37] local.ERROR: syntax error, unexpected variable "$formattedDatas", expecting "]" {"exception":"[object] (ParseError(code: 0): syntax error, unexpected variable \"$formattedDatas\", expecting \"]\" at /media/debian-admin/Windows-SSD/Users/faris_vxy9otb/Documents/WebDev/Web/Praktikum_modul6/app/Http/Controllers/ProductCategoryController.php:25)
[stacktrace]
#0 /media/debian-admin/Windows-SSD/Users/faris_vxy9otb/Documents/WebDev/Web/Praktikum_modul6/vendor/composer/ClassLoader.php(427): Composer\\Autoload\\{closure}()
#1 [internal function]: Composer\\Autoload\\ClassLoader->loadClass()
#2 /media/debian-admin/Windows-SSD/Users/faris_vxy9otb/Documents/WebDev/Web/Praktikum_modul6/vendor/laravel/framework/src/Illuminate/Routing/Route.php(1092): is_a()
#3 /media/debian-admin/Windows-SSD/Users/faris_vxy9otb/Documents/WebDev/Web/Praktikum_modul6/vendor/laravel/framework/src/Illuminate/Routing/Route.php(1031): Illuminate\\Routing\\Route->controllerMiddleware()
#4 /media/debian-admin/Windows-SSD/Users/faris_vxy9otb/Documents/WebDev/Web/Praktikum_modul6/vendor/laravel/framework/src/Illuminate/Routing/Router.php(818): Illuminate\\Routing\\Route->gatherMiddleware()
#5 /media/debian-admin/Windows-SSD/Users/faris_vxy9otb/Documents/WebDev/Web/Praktikum_modul6/vendor/laravel/framework/src/Illuminate/Foundation/Console/RouteListCommand.php(201): Illuminate\\Routing\\Router->gatherRouteMiddleware()
#6 /media/debian-admin/Windows-SSD/Users/faris_vxy9otb/Documents/WebDev/Web/Praktikum_modul6/vendor/laravel/framework/src/Illuminate/Foundation/Console/RouteListCommand.php(146): Illuminate\\Foundation\\Console\\RouteListCommand->getMiddleware()
#7 /media/debian-admin/Windows-SSD/Users/faris_vxy9otb/Documents/WebDev/Web/Praktikum_modul6/vendor/laravel/framework/src/Illuminate/Foundation/Console/RouteListCommand.php(116): Illuminate\\Foundation\\Console\\RouteListCommand->getRouteInformation()
#8 [internal function]: Illuminate\\Foundation\\Console\\RouteListCommand->Illuminate\\Foundation\\Console\\{closure}()
#9 /media/debian-admin/Windows-SSD/Users/faris_vxy9otb/Documents/WebDev/Web/Praktikum_modul6/vendor/laravel/framework/src/Illuminate/Collections/Arr.php(560): array_map()
#10 /media/debian-admin/Windows-SSD/Users/faris_vxy9otb/Documents/WebDev/Web/Praktikum_modul6/vendor/laravel/framework/src/Illuminate/Collections/Collection.php(777): Illuminate\\Support\\Arr::map()
#11 /media/debian-admin/Windows-SSD/Users/faris_vxy9otb/Documents/WebDev/Web/Praktikum_modul6/vendor/laravel/framework/src/Illuminate/Foundation/Console/RouteListCommand.php(115): Illuminate\\Support\\Collection->map()
#12 /media/debian-admin/Windows-SSD/Users/faris_vxy9otb/Documents/WebDev/Web/Praktikum_modul6/vendor/laravel/framework/src/Illuminate/Foundation/Console/RouteListCommand.php(101): Illuminate\\Foundation\\Console\\RouteListCommand->getRoutes()
#13 /media/debian-admin/Windows-SSD/Users/faris_vxy9otb/Documents/WebDev/Web/Praktikum_modul6/vendor/laravel/framework/src/Illuminate/Container/BoundMethod.php(36): Illuminate\\Foundation\\Console\\RouteListCommand->handle()
#14 /media/debian-admin/Windows-SSD/Users/faris_vxy9otb/Documents/WebDev/Web/Praktikum_modul6/vendor/laravel/framework/src/Illuminate/Container/Util.php(41): Illuminate\\Container\\BoundMethod::Illuminate\\Container\\{closure}()
#15 /media/debian-admin/Windows-SSD/Users/faris_vxy9otb/Documents/WebDev/Web/Praktikum_modul6/vendor/laravel/framework/src/Illuminate/Container/BoundMethod.php(93): Illuminate\\Container\\Util::unwrapIfClosure()
#16 /media/debian-admin/Windows-SSD/Users/faris_vxy9otb/Documents/WebDev/Web/Praktikum_modul6/vendor/laravel/framework/src/Illuminate/Container/BoundMethod.php(35): Illuminate\\Container\\BoundMethod::callBoundMethod()
#17 /media/debian-admin/Windows-SSD/Users/faris_vxy9otb/Documents/WebDev/Web/Praktikum_modul6/vendor/laravel/framework/src/Illuminate/Container/Container.php(662): Illuminate\\Container\\BoundMethod::call()
#18 /media/debian-admin/Windows-SSD/Users/faris_vxy9otb/Documents/WebDev/Web/Praktikum_modul6/vendor/laravel/framework/src/Illuminate/Console/Command.php(211): Illuminate\\Container\\Container->call()
#19 /media/debian-admin/Windows-SSD/Users/faris_vxy9otb/Documents/WebDev/Web/Praktikum_modul6/vendor/symfony/console/Command/Command.php(326): Illuminate\\Console\\Command->execute()
#20 /media/debian-admin/Windows-SSD/Users/faris_vxy9otb/Documents/WebDev/Web/Praktikum_modul6/vendor/laravel/framework/src/Illuminate/Console/Command.php(180): Symfony\\Component\\Console\\Command\\Command->run()
#21 /media/debian-admin/Windows-SSD/Users/faris_vxy9otb/Documents/WebDev/Web/Praktikum_modul6/vendor/symfony/console/Application.php(1096): Illuminate\\Console\\Command->run()
#22 /media/debian-admin/Windows-SSD/Users/faris_vxy9otb/Documents/WebDev/Web/Praktikum_modul6/vendor/symfony/console/Application.php(324): Symfony\\Component\\Console\\Application->doRunCommand()
#23 /media/debian-admin/Windows-SSD/Users/faris_vxy9otb/Documents/WebDev/Web/Praktikum_modul6/vendor/symfony/console/Application.php(175): Symfony\\Component\\Console\\Application->doRun()
#24 /media/debian-admin/Windows-SSD/Users/faris_vxy9otb/Documents/WebDev/Web/Praktikum_modul6/vendor/laravel/framework/src/Illuminate/Foundation/Console/Kernel.php(201): Symfony\\Component\\Console\\Application->run()
#25 /media/debian-admin/Windows-SSD/Users/faris_vxy9otb/Documents/WebDev/Web/Praktikum_modul6/artisan(35): Illuminate\\Foundation\\Console\\Kernel->handle()
#26 {main}
"} 
